<?xml version="1.0" encoding="UTF-8"?>
<testng-results ignored="0" total="1" passed="1" failed="0" skipped="0">
  <reporter-output>
  </reporter-output>
  <suite started-at="2025-09-03T13:28:54 IST" name="Default suite" finished-at="2025-09-03T13:29:26 IST" duration-ms="32817">
    <groups>
    </groups>
    <test started-at="2025-09-03T13:28:54 IST" name="Default test" finished-at="2025-09-03T13:29:26 IST" duration-ms="32817">
      <class name="com.zoho.testscript.CampaignModule">
        <test-method is-config="true" signature="openBrowser()[pri:0, instance:com.zoho.testscript.CampaignModule@7dc0f706]" started-at="2025-09-03T13:28:54 IST" name="openBrowser" finished-at="2025-09-03T13:29:03 IST" duration-ms="9774" status="PASS">
          <reporter-output>
          </reporter-output>
        </test-method> <!-- openBrowser -->
        <test-method is-config="true" signature="zohoLogin()[pri:0, instance:com.zoho.testscript.CampaignModule@7dc0f706]" started-at="2025-09-03T13:29:03 IST" name="zohoLogin" finished-at="2025-09-03T13:29:05 IST" duration-ms="2014" status="PASS">
          <reporter-output>
          </reporter-output>
        </test-method> <!-- zohoLogin -->
        <test-method signature="testCampaignModule()[pri:0, instance:com.zoho.testscript.CampaignModule@7dc0f706]" started-at="2025-09-03T13:29:05 IST" name="testCampaignModule" finished-at="2025-09-03T13:29:22 IST" duration-ms="16892" status="PASS">
          <reporter-output>
          </reporter-output>
        </test-method> <!-- testCampaignModule -->
        <test-method is-config="true" signature="zohoLogout()[pri:0, instance:com.zoho.testscript.CampaignModule@7dc0f706]" started-at="2025-09-03T13:29:22 IST" name="zohoLogout" finished-at="2025-09-03T13:29:23 IST" duration-ms="889" status="PASS">
          <reporter-output>
          </reporter-output>
        </test-method> <!-- zohoLogout -->
        <test-method is-config="true" signature="closeBrowser()[pri:0, instance:com.zoho.testscript.CampaignModule@7dc0f706]" started-at="2025-09-03T13:29:23 IST" name="closeBrowser" finished-at="2025-09-03T13:29:26 IST" duration-ms="3121" status="PASS">
          <reporter-output>
          </reporter-output>
        </test-method> <!-- closeBrowser -->
      </class> <!-- com.zoho.testscript.CampaignModule -->
    </test> <!-- Default test -->
  </suite> <!-- Default suite -->
</testng-results>
